2026-04-28 17:19:18,547  INFO      orchestrator — ============================================================
2026-04-28 17:19:18,548  INFO      orchestrator — OpenSky Pipeline Orchestrator arrancando...
2026-04-28 17:19:18,549  INFO      orchestrator —   Ingesta script : C:\Users\LARIG\OneDrive\Desktop\ITAM\Semestre_4\Bases_no_relacionales\Bases-no-relacionales-Equipo-3\ingesta\opensky_to_cassandra.py
2026-04-28 17:19:18,549  INFO      orchestrator —   Spark script   : C:\Users\LARIG\OneDrive\Desktop\ITAM\Semestre_4\Bases_no_relacionales\Bases-no-relacionales-Equipo-3\procesamiento\cassandra_to_neo4j_spark.py
2026-04-28 17:19:18,550  INFO      orchestrator —   Intervalo Spark: 5 min
2026-04-28 17:19:18,550  INFO      orchestrator —   Logs           : C:\Users\LARIG\OneDrive\Desktop\ITAM\Semestre_4\Bases_no_relacionales\Bases-no-relacionales-Equipo-3\logs/
2026-04-28 17:19:18,551  INFO      orchestrator — ============================================================
2026-04-28 17:19:18,553  INFO      orchestrator — Iniciando ingesta desde C:\Users\LARIG\OneDrive\Desktop\ITAM\Semestre_4\Bases_no_relacionales\Bases-no-relacionales-Equipo-3\ingesta\opensky_to_cassandra.py
2026-04-28 17:19:18,554  INFO      orchestrator — Loop Spark iniciado. Intervalo: 5 min.
2026-04-28 17:19:18,554  INFO      orchestrator — Esperando 5 min antes del primer job Spark...
2026-04-28 17:19:18,580  INFO      orchestrator — Ingesta PID 25400 corriendo.
2026-04-28 17:24:18,512  INFO      orchestrator — [2026-04-28 23:24:18 UTC] Lanzando job Spark...
2026-04-28 17:24:18,519  ERROR     orchestrator — 'spark-submit' no encontrado. Verifica que Spark esté instalado y en el PATH.
2026-04-28 17:24:18,519  INFO      orchestrator — Próximo job Spark en 5 min.
2026-04-28 17:27:07,224  INFO      orchestrator — Ctrl+C recibido — deteniendo procesos...
2026-04-28 17:27:08,647  INFO      orchestrator — Ingesta terminó normalmente.
2026-04-28 17:27:08,650  INFO      orchestrator — Pipeline detenido limpiamente.
2026-04-29 12:50:40,598  INFO      orchestrator — ============================================================
2026-04-29 12:50:40,599  INFO      orchestrator — RESET INICIAL — limpiando datos de ejecuciones anteriores
2026-04-29 12:50:40,599  INFO      orchestrator —   (aeropuertos en Cassandra se conservan)
2026-04-29 12:50:40,600  INFO      orchestrator — ============================================================
2026-04-29 12:50:40,600  INFO      orchestrator — Limpiando Cassandra (state_vectors, flight_events)...
2026-04-29 12:50:40,660  WARNING   cassandra.cluster — Downgrading core protocol version from 66 to 65 for 127.0.0.1:9041. To avoid this, it is best practice to explicitly set Cluster(protocol_version) to the version supported by your cluster. https://docs.datastax.com/en/developer/python-driver/latest/api/cassandra/cluster.html#cassandra.cluster.Cluster.protocol_version
2026-04-29 12:50:40,814  WARNING   cassandra.cluster — Downgrading core protocol version from 65 to 5 for 127.0.0.1:9041. To avoid this, it is best practice to explicitly set Cluster(protocol_version) to the version supported by your cluster. https://docs.datastax.com/en/developer/python-driver/latest/api/cassandra/cluster.html#cassandra.cluster.Cluster.protocol_version
2026-04-29 12:50:41,286  INFO      cassandra.cluster — New Cassandra host <Host: 10.15.20.18:9042 dc1> discovered
2026-04-29 12:50:41,289  INFO      cassandra.cluster — New Cassandra host <Host: 10.15.20.18:9043 dc1> discovered
2026-04-29 12:50:41,289  INFO      cassandra.cluster — Cassandra host ::1:9041 removed
2026-04-29 12:50:44,714  INFO      orchestrator — Limpiando Neo4j...
2026-04-29 12:50:47,941  INFO      orchestrator — Reset completado. Iniciando pipeline...
2026-04-29 12:50:47,942  INFO      orchestrator — ============================================================
2026-04-29 12:50:47,945  INFO      orchestrator — Ingesta iniciando desde C:\Users\LARIG\OneDrive\Desktop\ITAM\Semestre_4\Bases_no_relacionales\Bases-no-relacionales-Equipo-3\ingesta\opensky_to_cassandra.py
2026-04-29 12:50:47,946  INFO      orchestrator — Loop Spark iniciado. Primer job en 5 min.
2026-04-29 12:50:47,956  INFO      orchestrator — Ingesta PID 10300 corriendo.
2026-04-29 12:50:49,957  WARNING   orchestrator — Ingesta terminó con código 1. Reintentando en 30s...
2026-04-29 12:51:19,981  INFO      orchestrator — Ingesta PID 31112 corriendo.
2026-04-29 12:51:21,982  WARNING   orchestrator — Ingesta terminó con código 1. Reintentando en 30s...
2026-04-29 12:51:51,994  INFO      orchestrator — Ingesta PID 32668 corriendo.
2026-04-29 12:51:53,995  WARNING   orchestrator — Ingesta terminó con código 1. Reintentando en 30s...
2026-04-29 12:52:24,010  INFO      orchestrator — Ingesta PID 36432 corriendo.
2026-04-29 12:52:26,011  WARNING   orchestrator — Ingesta terminó con código 1. Reintentando en 30s...
2026-04-29 12:52:48,753  INFO      orchestrator — Ctrl+C — deteniendo pipeline...
